<?xml version="1.0" encoding="UTF-8"?>
<!-- Generated by org.testng.reporters.JUnitReportReporter -->
<testsuite name="testClasses.SNLTestCases" tests="2" time="0.021" ignored="0" failures="0" timestamp="28 Jun 2018 11:17:46 GMT" skipped="0" hostname="qainfotech-OptiPlex-755" errors="0">
  <testcase name="verifyExceptionsAreWorking" time="0.008" classname="testClasses.SNLTestCases"/>
  <testcase name="verifyBoardIsWorking" time="0.013" classname="testClasses.SNLTestCases"/>
</testsuite> <!-- testClasses.SNLTestCases -->
