<?xml version="1.0" encoding="UTF-8"?>
<!-- Generated by org.testng.reporters.JUnitReportReporter -->
<testsuite name="testClasses.SNLTestCases" tests="1" time="0.069" ignored="0" failures="0" timestamp="28 Jun 2018 14:07:06 GMT" skipped="0" hostname="qainfotech-OptiPlex-755" errors="0">
  <testcase name="playGame" time="0.069" classname="testClasses.SNLTestCases"/>
</testsuite> <!-- testClasses.SNLTestCases -->
