<?xml version="1.0" encoding="UTF-8"?>
<!-- Generated by org.testng.reporters.JUnitReportReporter -->
<testsuite name="testClasses.SNLTestCases" tests="4" time="0.256" ignored="0" failures="0" timestamp="28 Jun 2018 05:24:48 GMT" skipped="0" hostname="qainfotech-OptiPlex-755" errors="0">
  <testcase name="verifyAddingSameNameUsers" time="0.052" classname="testClasses.SNLTestCases"/>
  <testcase name="verifyAddingMoreThanFourUsers" time="0.070" classname="testClasses.SNLTestCases"/>
  <testcase name="verifyDeleteUserWithoutRegisteringAnyUser" time="0.044" classname="testClasses.SNLTestCases"/>
  <testcase name="verifyRollDiceWithoutRegisteringAnyUser" time="0.090" classname="testClasses.SNLTestCases"/>
</testsuite> <!-- testClasses.SNLTestCases -->
